/home/woody/iwi5/iwi5286h/software/private/conda/envs/wlasl/lib/python3.10/site-packages/transformers/utils/generic.py:485: FutureWarning: `torch.utils._pytree._register_pytree_node` is deprecated. Please use `torch.utils._pytree.register_pytree_node` instead.
  _torch_pytree._register_pytree_node(
/home/woody/iwi5/iwi5286h/software/private/conda/envs/wlasl/lib/python3.10/site-packages/transformers/utils/generic.py:485: FutureWarning: `torch.utils._pytree._register_pytree_node` is deprecated. Please use `torch.utils._pytree.register_pytree_node` instead.
  _torch_pytree._register_pytree_node(
/home/woody/iwi5/iwi5286h/software/private/conda/envs/wlasl/lib/python3.10/site-packages/transformers/utils/generic.py:342: FutureWarning: `torch.utils._pytree._register_pytree_node` is deprecated. Please use `torch.utils._pytree.register_pytree_node` instead.
  _torch_pytree._register_pytree_node(
/home/woody/iwi5/iwi5286h/software/private/conda/envs/wlasl/lib/python3.10/site-packages/transformers/utils/generic.py:342: FutureWarning: `torch.utils._pytree._register_pytree_node` is deprecated. Please use `torch.utils._pytree.register_pytree_node` instead.
  _torch_pytree._register_pytree_node(
/home/woody/iwi5/iwi5286h/software/private/conda/envs/wlasl/lib/python3.10/site-packages/transformers/utils/generic.py:342: FutureWarning: `torch.utils._pytree._register_pytree_node` is deprecated. Please use `torch.utils._pytree.register_pytree_node` instead.
  _torch_pytree._register_pytree_node(
/home/woody/iwi5/iwi5286h/software/private/conda/envs/wlasl/lib/python3.10/site-packages/transformers/utils/generic.py:342: FutureWarning: `torch.utils._pytree._register_pytree_node` is deprecated. Please use `torch.utils._pytree.register_pytree_node` instead.
  _torch_pytree._register_pytree_node(
/home/woody/iwi5/iwi5286h/software/private/conda/envs/wlasl/lib/python3.10/site-packages/transformers/utils/generic.py:485: FutureWarning: `torch.utils._pytree._register_pytree_node` is deprecated. Please use `torch.utils._pytree.register_pytree_node` instead.
  _torch_pytree._register_pytree_node(
/home/woody/iwi5/iwi5286h/software/private/conda/envs/wlasl/lib/python3.10/site-packages/transformers/utils/generic.py:485: FutureWarning: `torch.utils._pytree._register_pytree_node` is deprecated. Please use `torch.utils._pytree.register_pytree_node` instead.
  _torch_pytree._register_pytree_node(
/home/woody/iwi5/iwi5286h/software/private/conda/envs/wlasl/lib/python3.10/site-packages/transformers/utils/generic.py:342: FutureWarning: `torch.utils._pytree._register_pytree_node` is deprecated. Please use `torch.utils._pytree.register_pytree_node` instead.
  _torch_pytree._register_pytree_node(
/home/woody/iwi5/iwi5286h/software/private/conda/envs/wlasl/lib/python3.10/site-packages/transformers/utils/generic.py:342: FutureWarning: `torch.utils._pytree._register_pytree_node` is deprecated. Please use `torch.utils._pytree.register_pytree_node` instead.
  _torch_pytree._register_pytree_node(
/home/woody/iwi5/iwi5286h/software/private/conda/envs/wlasl/lib/python3.10/site-packages/transformers/utils/generic.py:342: FutureWarning: `torch.utils._pytree._register_pytree_node` is deprecated. Please use `torch.utils._pytree.register_pytree_node` instead.
  _torch_pytree._register_pytree_node(
/home/woody/iwi5/iwi5286h/software/private/conda/envs/wlasl/lib/python3.10/site-packages/transformers/utils/generic.py:342: FutureWarning: `torch.utils._pytree._register_pytree_node` is deprecated. Please use `torch.utils._pytree.register_pytree_node` instead.
  _torch_pytree._register_pytree_node(
/home/woody/iwi5/iwi5286h/software/private/conda/envs/wlasl/lib/python3.10/site-packages/transformers/utils/generic.py:485: FutureWarning: `torch.utils._pytree._register_pytree_node` is deprecated. Please use `torch.utils._pytree.register_pytree_node` instead.
  _torch_pytree._register_pytree_node(
/home/woody/iwi5/iwi5286h/software/private/conda/envs/wlasl/lib/python3.10/site-packages/transformers/utils/generic.py:485: FutureWarning: `torch.utils._pytree._register_pytree_node` is deprecated. Please use `torch.utils._pytree.register_pytree_node` instead.
  _torch_pytree._register_pytree_node(
/home/woody/iwi5/iwi5286h/software/private/conda/envs/wlasl/lib/python3.10/site-packages/transformers/utils/generic.py:485: FutureWarning: `torch.utils._pytree._register_pytree_node` is deprecated. Please use `torch.utils._pytree.register_pytree_node` instead.
  _torch_pytree._register_pytree_node(
/home/woody/iwi5/iwi5286h/software/private/conda/envs/wlasl/lib/python3.10/site-packages/transformers/utils/generic.py:485: FutureWarning: `torch.utils._pytree._register_pytree_node` is deprecated. Please use `torch.utils._pytree.register_pytree_node` instead.
  _torch_pytree._register_pytree_node(
/home/woody/iwi5/iwi5286h/software/private/conda/envs/wlasl/lib/python3.10/site-packages/transformers/utils/generic.py:342: FutureWarning: `torch.utils._pytree._register_pytree_node` is deprecated. Please use `torch.utils._pytree.register_pytree_node` instead.
  _torch_pytree._register_pytree_node(
/home/woody/iwi5/iwi5286h/software/private/conda/envs/wlasl/lib/python3.10/site-packages/transformers/utils/generic.py:342: FutureWarning: `torch.utils._pytree._register_pytree_node` is deprecated. Please use `torch.utils._pytree.register_pytree_node` instead.
  _torch_pytree._register_pytree_node(
/home/woody/iwi5/iwi5286h/software/private/conda/envs/wlasl/lib/python3.10/site-packages/transformers/utils/generic.py:342: FutureWarning: `torch.utils._pytree._register_pytree_node` is deprecated. Please use `torch.utils._pytree.register_pytree_node` instead.
  _torch_pytree._register_pytree_node(
/home/woody/iwi5/iwi5286h/software/private/conda/envs/wlasl/lib/python3.10/site-packages/transformers/utils/generic.py:342: FutureWarning: `torch.utils._pytree._register_pytree_node` is deprecated. Please use `torch.utils._pytree.register_pytree_node` instead.
  _torch_pytree._register_pytree_node(
/home/woody/iwi5/iwi5286h/software/private/conda/envs/wlasl/lib/python3.10/site-packages/transformers/utils/generic.py:342: FutureWarning: `torch.utils._pytree._register_pytree_node` is deprecated. Please use `torch.utils._pytree.register_pytree_node` instead.
  _torch_pytree._register_pytree_node(
/home/woody/iwi5/iwi5286h/software/private/conda/envs/wlasl/lib/python3.10/site-packages/transformers/utils/generic.py:342: FutureWarning: `torch.utils._pytree._register_pytree_node` is deprecated. Please use `torch.utils._pytree.register_pytree_node` instead.
  _torch_pytree._register_pytree_node(
/home/woody/iwi5/iwi5286h/software/private/conda/envs/wlasl/lib/python3.10/site-packages/transformers/utils/generic.py:342: FutureWarning: `torch.utils._pytree._register_pytree_node` is deprecated. Please use `torch.utils._pytree.register_pytree_node` instead.
  _torch_pytree._register_pytree_node(
/home/woody/iwi5/iwi5286h/software/private/conda/envs/wlasl/lib/python3.10/site-packages/transformers/utils/generic.py:342: FutureWarning: `torch.utils._pytree._register_pytree_node` is deprecated. Please use `torch.utils._pytree.register_pytree_node` instead.
  _torch_pytree._register_pytree_node(
/home/woody/iwi5/iwi5286h/software/private/conda/envs/wlasl/lib/python3.10/site-packages/torchvision/io/image.py:13: UserWarning: Failed to load image Python extension: 'libc10_cuda.so: cannot open shared object file: No such file or directory'If you don't plan on using image functionality from `torchvision.io`, you can ignore this warning. Otherwise, there might be something wrong with your environment. Did you have `libjpeg` or `libpng` installed before building `torchvision` from source?
  warn(
/home/woody/iwi5/iwi5286h/software/private/conda/envs/wlasl/lib/python3.10/site-packages/torchvision/io/image.py:13: UserWarning: Failed to load image Python extension: 'libc10_cuda.so: cannot open shared object file: No such file or directory'If you don't plan on using image functionality from `torchvision.io`, you can ignore this warning. Otherwise, there might be something wrong with your environment. Did you have `libjpeg` or `libpng` installed before building `torchvision` from source?
  warn(
/home/woody/iwi5/iwi5286h/software/private/conda/envs/wlasl/lib/python3.10/site-packages/torchvision/io/image.py:13: UserWarning: Failed to load image Python extension: 'libc10_cuda.so: cannot open shared object file: No such file or directory'If you don't plan on using image functionality from `torchvision.io`, you can ignore this warning. Otherwise, there might be something wrong with your environment. Did you have `libjpeg` or `libpng` installed before building `torchvision` from source?
  warn(
/home/woody/iwi5/iwi5286h/software/private/conda/envs/wlasl/lib/python3.10/site-packages/torchvision/io/image.py:13: UserWarning: Failed to load image Python extension: 'libc10_cuda.so: cannot open shared object file: No such file or directory'If you don't plan on using image functionality from `torchvision.io`, you can ignore this warning. Otherwise, there might be something wrong with your environment. Did you have `libjpeg` or `libpng` installed before building `torchvision` from source?
  warn(
Traceback (most recent call last):
  File "/home/woody/iwi5/iwi5286h/sign_language2/Uni-Sign/finetune_wlasl.py", line 213, in <module>
Traceback (most recent call last):
  File "/home/woody/iwi5/iwi5286h/sign_language2/Uni-Sign/finetune_wlasl.py", line 213, in <module>
Traceback (most recent call last):
  File "/home/woody/iwi5/iwi5286h/sign_language2/Uni-Sign/finetune_wlasl.py", line 213, in <module>
    main(args)
  File "/home/woody/iwi5/iwi5286h/sign_language2/Uni-Sign/finetune_wlasl.py", line 98, in main
    init_distributed_mode_ds(args)
  File "/home/woody/iwi5/iwi5286h/sign_language2/Uni-Sign/utils.py", line 279, in init_distributed_mode_ds
    main(args)
  File "/home/woody/iwi5/iwi5286h/sign_language2/Uni-Sign/finetune_wlasl.py", line 98, in main
    main(args)
  File "/home/woody/iwi5/iwi5286h/sign_language2/Uni-Sign/finetune_wlasl.py", line 98, in main
    torch.cuda.set_device(args.gpu)
  File "/home/woody/iwi5/iwi5286h/software/private/conda/envs/wlasl/lib/python3.10/site-packages/torch/cuda/__init__.py", line 476, in set_device
Traceback (most recent call last):
  File "/home/woody/iwi5/iwi5286h/sign_language2/Uni-Sign/finetune_wlasl.py", line 213, in <module>
    init_distributed_mode_ds(args)
  File "/home/woody/iwi5/iwi5286h/sign_language2/Uni-Sign/utils.py", line 279, in init_distributed_mode_ds
    init_distributed_mode_ds(args)
  File "/home/woody/iwi5/iwi5286h/sign_language2/Uni-Sign/utils.py", line 279, in init_distributed_mode_ds
    main(args)
  File "/home/woody/iwi5/iwi5286h/sign_language2/Uni-Sign/finetune_wlasl.py", line 98, in main
    torch._C._cuda_setDevice(device)
AttributeError: module 'torch._C' has no attribute '_cuda_setDevice'    torch.cuda.set_device(args.gpu)
  File "/home/woody/iwi5/iwi5286h/software/private/conda/envs/wlasl/lib/python3.10/site-packages/torch/cuda/__init__.py", line 476, in set_device
    torch.cuda.set_device(args.gpu)
  File "/home/woody/iwi5/iwi5286h/software/private/conda/envs/wlasl/lib/python3.10/site-packages/torch/cuda/__init__.py", line 476, in set_device
    init_distributed_mode_ds(args)
  File "/home/woody/iwi5/iwi5286h/sign_language2/Uni-Sign/utils.py", line 279, in init_distributed_mode_ds

    torch._C._cuda_setDevice(device)
    torch._C._cuda_setDevice(device)
AttributeError: module 'torch._C' has no attribute '_cuda_setDevice'    torch.cuda.set_device(args.gpu)
  File "/home/woody/iwi5/iwi5286h/software/private/conda/envs/wlasl/lib/python3.10/site-packages/torch/cuda/__init__.py", line 476, in set_device

AttributeError: module 'torch._C' has no attribute '_cuda_setDevice'
    torch._C._cuda_setDevice(device)
AttributeError: module 'torch._C' has no attribute '_cuda_setDevice'
srun: error: tg097: tasks 0-1: Exited with exit code 1
srun: Terminating StepId=1013855.0
